2024.12.16 20:37:46 INFO  Started: Metals version 1.4.2 in folders '/home/nt/Documents/ФЛП/lb1/lb1' for client Visual Studio Code 1.96.0.
Dec 16, 2024 8:37:46 PM org.eclipse.lsp4j.jsonrpc.services.GenericEndpoint notify
INFO: Unsupported notification method: $/setTrace
2024.12.16 20:37:48 INFO  running '/usr/lib/jvm/java-17-openjdk-amd64/bin/java -Djline.terminal=jline.UnsupportedTerminal -Dsbt.log.noformat=true -Dfile.encoding=UTF-8 -jar /tmp/metals8229082132580227103/sbt-launch.jar -Dbloop.export-jar-classifiers=sources bloopInstall'
2024.12.16 20:37:49 ERROR [info] [launcher] getting org.scala-sbt sbt 1.10.6  (this may take some time)...
2024.12.16 20:37:49 WARN  no build target for: /home/nt/Documents/ФЛП/lb1/lb1/project/metals.sbt
2024.12.16 20:37:49 INFO  no build target found for /home/nt/Documents/ФЛП/lb1/lb1/project/metals.sbt. Using presentation compiler with project's scala-library version: 3.3.4
2024.12.16 20:37:53 ERROR [info] [launcher] getting Scala 2.12.20 (for sbt)...
2024.12.16 20:37:53 INFO  [info] welcome to sbt 1.10.6 (Private Build Java 17.0.9)
2024.12.16 20:37:55 INFO  [info] loading settings for project lb1-build-build from metals.sbt...
2024.12.16 20:37:55 INFO  [info] loading project definition from /home/nt/Documents/ФЛП/lb1/lb1/project/project
2024.12.16 20:37:57 INFO  [info] loading settings for project lb1-build from metals.sbt...
2024.12.16 20:37:57 INFO  [info] loading project definition from /home/nt/Documents/ФЛП/lb1/lb1/project
2024.12.16 20:38:01 INFO  [success] Generated .bloop/lb1-build.json
2024.12.16 20:38:01 INFO  [success] Total time: 3 s, completed Dec 16, 2024, 8:38:01 PM
2024.12.16 20:38:02 INFO  [info] loading settings for project lb1 from build.sbt...
2024.12.16 20:38:02 INFO  [info] set current project to hello-world (in build file:/home/nt/Documents/ФЛП/lb1/lb1/)
2024.12.16 20:38:02 INFO  [success] Generated .bloop/lb1-test.json
2024.12.16 20:38:02 INFO  [success] Generated .bloop/lb1.json
2024.12.16 20:38:02 INFO  [success] Total time: 0 s, completed Dec 16, 2024, 8:38:03 PM
2024.12.16 20:38:03 INFO  time: ran 'sbt bloopInstall' in 14s
2024.12.16 20:38:03 INFO  Attempting to connect to the build server...
2024.12.16 20:38:03 INFO  Found a Bloop server running
2024.12.16 20:38:03 INFO  tracing is disabled for protocol BSP, to enable tracing of incoming and outgoing JSON messages create an empty file at /home/nt/Documents/ФЛП/lb1/lb1/.metals/bsp.trace.json or /home/nt/.cache/metals/bsp.trace.json
2024.12.16 20:38:06 INFO  Attempting to connect to the build server...
2024.12.16 20:38:06 INFO  Found a Bloop server running
2024.12.16 20:38:06 INFO  tracing is disabled for protocol BSP, to enable tracing of incoming and outgoing JSON messages create an empty file at /home/nt/Documents/ФЛП/lb1/lb1/project/.metals/bsp.trace.json or /home/nt/.cache/metals/bsp.trace.json
2024.12.16 20:38:10 INFO  time: Connected to build server in 6.57s
2024.12.16 20:38:10 INFO  Connected to Build server: Bloop v2.0.6
2024.12.16 20:38:10 INFO  running doctor check
2024.12.16 20:38:10 INFO  java targets: lb1, lb1-test, lb1-build
2024.12.16 20:38:15 WARN  Could not find java sources in /usr/lib/jvm/src.zip, /usr/lib/jvm/lib/src.zip, /usr/lib/jvm/java-17-openjdk-amd64/src.zip, /usr/lib/jvm/java-17-openjdk-amd64/lib/src.zip. Java symbols will not be available.
2024.12.16 20:38:19 WARN  Could not find java sources in /usr/lib/jvm/src.zip, /usr/lib/jvm/lib/src.zip, /usr/lib/jvm/java-17-openjdk-amd64/src.zip, /usr/lib/jvm/java-17-openjdk-amd64/lib/src.zip. Java symbols will not be available.
2024.12.16 20:38:19 INFO  time: indexed workspace in 9.34s
2024.12.16 20:39:21 INFO  compiling lb1 (1 scala source)
2024.12.16 20:39:23 INFO  time: compiled lb1 in 2.17s
2024.12.16 20:39:27 INFO  time: code lens generation in 1.52s
2024.12.16 20:39:32 INFO  running '/usr/lib/jvm/java-17-openjdk-amd64/bin/java -Djline.terminal=jline.UnsupportedTerminal -Dsbt.log.noformat=true -Dfile.encoding=UTF-8 -jar /tmp/metals2624714961327585345/sbt-launch.jar -Dbloop.export-jar-classifiers=sources bloopInstall'
2024.12.16 20:39:33 INFO  [info] welcome to sbt 1.10.6 (Private Build Java 17.0.9)
2024.12.16 20:39:33 INFO  [info] loading settings for project lb1-build-build from metals.sbt...
2024.12.16 20:39:34 INFO  [info] loading project definition from /home/nt/Documents/ФЛП/lb1/lb1/project/project
2024.12.16 20:39:34 INFO  [info] loading settings for project lb1-build from metals.sbt...
2024.12.16 20:39:34 INFO  [info] loading project definition from /home/nt/Documents/ФЛП/lb1/lb1/project
2024.12.16 20:39:36 INFO  [success] Generated .bloop/lb1-build.json
2024.12.16 20:39:36 INFO  [success] Total time: 2 s, completed Dec 16, 2024, 8:39:36 PM
2024.12.16 20:39:37 INFO  [info] loading settings for project lb1 from build.sbt...
2024.12.16 20:39:37 INFO  [info] set current project to hello-world (in build file:/home/nt/Documents/ФЛП/lb1/lb1/)
2024.12.16 20:39:37 INFO  [success] Generated .bloop/lb1.json
2024.12.16 20:39:37 INFO  [success] Generated .bloop/lb1-test.json
2024.12.16 20:39:37 INFO  [success] Total time: 1 s, completed Dec 16, 2024, 8:39:38 PM
2024.12.16 20:39:39 INFO  time: ran 'sbt bloopInstall' in 6.84s
2024.12.16 20:39:39 INFO  Disconnecting from Bloop session...
2024.12.16 20:39:39 INFO  Shut down connection with build server.
2024.12.16 20:39:39 INFO  Shut down connection with build server.
2024.12.16 20:39:39 INFO  Attempting to connect to the build server...
2024.12.16 20:39:39 INFO  Found a Bloop server running
2024.12.16 20:39:39 INFO  tracing is disabled for protocol BSP, to enable tracing of incoming and outgoing JSON messages create an empty file at /home/nt/Documents/ФЛП/lb1/lb1/.metals/bsp.trace.json or /home/nt/.cache/metals/bsp.trace.json
2024.12.16 20:39:39 INFO  Attempting to connect to the build server...
2024.12.16 20:39:39 INFO  Found a Bloop server running
2024.12.16 20:39:39 INFO  tracing is disabled for protocol BSP, to enable tracing of incoming and outgoing JSON messages create an empty file at /home/nt/Documents/ФЛП/lb1/lb1/project/.metals/bsp.trace.json or /home/nt/.cache/metals/bsp.trace.json
2024.12.16 20:39:39 INFO  time: Connected to build server in 0.22s
2024.12.16 20:39:39 INFO  Connected to Build server: Bloop v2.0.6
2024.12.16 20:39:39 INFO  running doctor check
2024.12.16 20:39:39 INFO  java targets: lb1, lb1-test, lb1-build
2024.12.16 20:39:40 WARN  Could not find java sources in /usr/lib/jvm/src.zip, /usr/lib/jvm/lib/src.zip, /usr/lib/jvm/java-17-openjdk-amd64/src.zip, /usr/lib/jvm/java-17-openjdk-amd64/lib/src.zip. Java symbols will not be available.
2024.12.16 20:39:40 WARN  Could not find java sources in /usr/lib/jvm/src.zip, /usr/lib/jvm/lib/src.zip, /usr/lib/jvm/java-17-openjdk-amd64/src.zip, /usr/lib/jvm/java-17-openjdk-amd64/lib/src.zip. Java symbols will not be available.
2024.12.16 20:39:40 INFO  time: indexed workspace in 2.09s
2024.12.16 20:40:22 INFO  compiling lb1 (1 scala source)
2024.12.16 20:40:22 INFO  time: compiled lb1 in 0.57s
2024.12.16 20:40:42 INFO  compiling lb1 (1 scala source)
2024.12.16 20:40:42 INFO  time: compiled lb1 in 0.25s
Dec 16, 2024 8:40:45 PM org.eclipse.lsp4j.jsonrpc.services.GenericEndpoint notify
INFO: Unsupported notification method: $/setTrace
2024.12.16 20:40:58 INFO  compiling lb1 (1 scala source)
2024.12.16 20:40:58 INFO  time: compiled lb1 in 0.26s
2024.12.16 20:44:30 INFO  compiling lb1 (1 scala source)
2024.12.16 20:44:30 INFO  time: compiled lb1 in 0.2s
2024.12.16 20:44:33 INFO  compiling lb1 (1 scala source)
2024.12.16 20:44:33 INFO  time: compiled lb1 in 80ms
2024.12.16 20:44:38 INFO  compiling lb1 (1 scala source)
2024.12.16 20:44:38 INFO  time: compiled lb1 in 72ms
2024.12.16 20:45:11 INFO  no build target found for /home/nt/Documents/ФЛП/hello-world/src/main/scala/Main.scala. Using presentation compiler with project's scala-library version: 3.3.4
2024.12.16 20:45:11 INFO  no build target found for /home/nt/Documents/ФЛП/hello-world/src/main/scala/Main.scala. Using presentation compiler with project's scala-library version: 3.3.4
2024.12.16 20:45:11 INFO  no build target found for /home/nt/Documents/ФЛП/hello-world/src/main/scala/Main.scala. Using presentation compiler with project's scala-library version: 3.3.4
2024.12.16 20:45:11 INFO  no build target found for /home/nt/Documents/ФЛП/hello-world/src/main/scala/Main.scala. Using presentation compiler with project's scala-library version: 3.3.4
2024.12.16 20:45:12 WARN  scala-cli >= 0.1.3 not found in PATH, fetching and starting a JVM-based Scala CLI
2024.12.16 20:45:13 INFO  time: code lens generation in 1.7s
2024.12.16 20:45:14 INFO  no build target found for /home/nt/Documents/ФЛП/hello-world/src/main/scala/Main.scala. Using presentation compiler with project's scala-library version: 3.3.4
2024.12.16 20:45:14 INFO  no build target found for /home/nt/Documents/ФЛП/hello-world/src/main/scala/Main.scala. Using presentation compiler with project's scala-library version: 3.3.4
2024.12.16 20:45:15 WARN  no build target for: /home/nt/Documents/ФЛП/hello-world/src/main/scala/Main.scala
2024.12.16 20:45:25 INFO  compiling lb1 (1 scala source)
2024.12.16 20:45:25 INFO  time: compiled lb1 in 0.11s
2024.12.16 20:45:26 INFO  no build target found for /home/nt/Documents/ФЛП/hello-world/src/main/scala/Main.scala. Using presentation compiler with project's scala-library version: 3.3.4
2024.12.16 20:45:26 INFO  no build target found for /home/nt/Documents/ФЛП/hello-world/src/main/scala/Main.scala. Using presentation compiler with project's scala-library version: 3.3.4
2024.12.16 20:45:26 INFO  no build target found for /home/nt/Documents/ФЛП/hello-world/src/main/scala/Main.scala. Using presentation compiler with project's scala-library version: 3.3.4
2024.12.16 20:45:29 INFO  Running List(/usr/lib/jvm/java-17-openjdk-amd64/bin/java, -cp, /home/nt/.cache/coursier/v1/https/repo1.maven.org/maven2/org/virtuslab/scala-cli/cli_3/1.5.4/cli_3-1.5.4.jar:/home/nt/.cache/coursier/v1/https/repo1.maven.org/maven2/com/github/alexarchambault/case-app_3/2.1.0-M29/case-app_3-2.1.0-M29.jar:/home/nt/.cache/coursier/v1/https/repo1.maven.org/maven2/io/get-coursier/coursier-launcher_2.13/2.1.17/coursier-launcher_2.13-2.1.17.jar:/home/nt/.cache/coursier/v1/https/repo1.maven.org/maven2/io/get-coursier/coursier-proxy-setup/2.1.17/coursier-proxy-setup-2.1.17.jar:/home/nt/.cache/coursier/v1/https/repo1.maven.org/maven2/io/get-coursier/publish/publish_2.13/0.1.6/publish_2.13-0.1.6.jar:/home/nt/.cache/coursier/v1/https/repo1.maven.org/maven2/com/google/jimfs/jimfs/1.3.0/jimfs-1.3.0.jar:/home/nt/.cache/coursier/v1/https/repo1.maven.org/maven2/io/get-coursier/jniutils/windows-jni-utils/0.3.3/windows-jni-utils-0.3.3.jar:/home/nt/.cache/coursier/v1/https/repo1.maven.org/maven2/com/github/plokhotnyuk/jsoniter-scala/jsoniter-scala-core_3/2.13.5.2/jsoniter-scala-core_3-2.13.5.2.jar:/home/nt/.cache/coursier/v1/https/repo1.maven.org/maven2/org/virtuslab/scala-cli/libsodiumjni/0.0.4/libsodiumjni-0.0.4.jar:/home/nt/.cache/coursier/v1/https/repo1.maven.org/maven2/org/scalameta/metaconfig-typesafe-config_3/0.13.0/metaconfig-typesafe-config_3-0.13.0.jar:/home/nt/.cache/coursier/v1/https/repo1.maven.org/maven2/ai/kien/python-native-libs_3/0.2.4/python-native-libs_3-0.2.4.jar:/home/nt/.cache/coursier/v1/https/repo1.maven.org/maven2/org/virtuslab/scala-packager_2.13/0.1.29/scala-packager_2.13-0.1.29.jar:/home/nt/.cache/coursier/v1/https/repo1.maven.org/maven2/org/virtuslab/scala-cli-signing/cli_3/0.2.4/cli_3-0.2.4.jar:/home/nt/.cache/coursier/v1/https/repo1.maven.org/maven2/org/slf4j/slf4j-nop/2.0.16/slf4j-nop-2.0.16.jar:/home/nt/.cache/coursier/v1/https/repo1.maven.org/maven2/com/softwaremill/sttp/client3/core_2.13/3.10.1/core_2.13-3.10.1.jar:/home/nt/.cache/coursier/v1/https/repo1.maven.org/maven2/org/scala-lang/scala3-library_3/3.3.4/scala3-library_3-3.3.4.jar:/home/nt/.cache/coursier/v1/https/repo1.maven.org/maven2/org/virtuslab/scala-cli/build-module_3/1.5.4/build-module_3-1.5.4.jar:/home/nt/.cache/coursier/v1/https/repo1.maven.org/maven2/org/virtuslab/scala-cli/config_3/1.5.4/config_3-1.5.4.jar:/home/nt/.cache/coursier/v1/https/repo1.maven.org/maven2/org/virtuslab/scala-cli/scala3-graal_3/1.5.4/scala3-graal_3-1.5.4.jar:/home/nt/.cache/coursier/v1/https/repo1.maven.org/maven2/org/virtuslab/scala-cli/specification-level_3/1.5.4/specification-level_3-1.5.4.jar:/home/nt/.cache/coursier/v1/https/repo1.maven.org/maven2/com/lihaoyi/sourcecode_3/0.4.2/sourcecode_3-0.4.2.jar:/home/nt/.cache/coursier/v1/https/repo1.maven.org/maven2/com/github/alexarchambault/case-app-annotations_3/2.1.0-M29/case-app-annotations_3-2.1.0-M29.jar:/home/nt/.cache/coursier/v1/https/repo1.maven.org/maven2/com/github/alexarchambault/case-app-util_3/2.1.0-M29/case-app-util_3-2.1.0-M29.jar:/home/nt/.cache/coursier/v1/https/repo1.maven.org/maven2/io/github/alexarchambault/scala-cli/tmp/zip-input-stream/0.1.1/zip-input-stream-0.1.1.jar:/home/nt/.cache/coursier/v1/https/repo1.maven.org/maven2/org/scala-lang/scala-library/2.13.15/scala-library-2.13.15.jar:/home/nt/.cache/coursier/v1/https/repo1.maven.org/maven2/io/get-coursier/coursier-cache_2.13/2.1.17/coursier-cache_2.13-2.1.17.jar:/home/nt/.cache/coursier/v1/https/repo1.maven.org/maven2/io/get-coursier/coursier-core_2.13/2.1.17/coursier-core_2.13-2.1.17.jar:/home/nt/.cache/coursier/v1/https/repo1.maven.org/maven2/com/google/guava/guava/33.3.1-jre/guava-33.3.1-jre.jar:/home/nt/.cache/coursier/v1/https/repo1.maven.org/maven2/net/java/dev/jna/jna/5.13.0/jna-5.13.0.jar:/home/nt/.cache/coursier/v1/https/repo1.maven.org/maven2/net/java/dev/jna/jna-platform/5.12.1/jna-platform-5.12.1.jar:/home/nt/.cache/coursier/v1/https/repo1.maven.org/maven2/org/scalameta/metaconfig-core_3/0.13.0/metaconfig-core_3-0.13.0.jar:/home/nt/.cache/coursier/v1/https/repo1.maven.org/maven2/com/typesafe/config/1.4.3/config-1.4.3.jar:/home/nt/.cache/coursier/v1/https/repo1.maven.org/maven2/org/scala-lang/modules/scala-collection-compat_3/2.12.0/scala-collection-compat_3-2.12.0.jar:/home/nt/.cache/coursier/v1/https/repo1.maven.org/maven2/commons-io/commons-io/2.15.1/commons-io-2.15.1.jar:/home/nt/.cache/coursier/v1/https/repo1.maven.org/maven2/com/google/cloud/tools/jib-core/0.22.0/jib-core-0.22.0.jar:/home/nt/.cache/coursier/v1/https/repo1.maven.org/maven2/org/bouncycastle/bcpg-jdk18on/1.78.1/bcpg-jdk18on-1.78.1.jar:/home/nt/.cache/coursier/v1/https/repo1.maven.org/maven2/org/virtuslab/scala-cli-signing/shared_3/0.2.4/shared_3-0.2.4.jar:/home/nt/.cache/coursier/v1/https/repo1.maven.org/maven2/org/slf4j/slf4j-api/2.0.16/slf4j-api-2.0.16.jar:/home/nt/.cache/coursier/v1/https/repo1.maven.org/maven2/com/softwaremill/sttp/model/core_2.13/1.7.11/core_2.13-1.7.11.jar:/home/nt/.cache/coursier/v1/https/repo1.maven.org/maven2/com/softwaremill/sttp/shared/core_2.13/1.3.22/core_2.13-1.3.22.jar:/home/nt/.cache/coursier/v1/https/repo1.maven.org/maven2/com/softwaremill/sttp/shared/ws_2.13/1.3.22/ws_2.13-1.3.22.jar:/home/nt/.cache/coursier/v1/https/repo1.maven.org/maven2/org/ow2/asm/asm/9.7.1/asm-9.7.1.jar:/home/nt/.cache/coursier/v1/https/repo1.maven.org/maven2/org/virtuslab/scala-cli/java-class-name/java-class-name_3/0.1.4/java-class-name_3-0.1.4.jar:/home/nt/.cache/coursier/v1/https/repo1.maven.org/maven2/org/scalameta/semanticdb-shared_2.13.15/4.9.9/semanticdb-shared_2.13.15-4.9.9.jar:/home/nt/.cache/coursier/v1/https/repo1.maven.org/maven2/org/scala-native/test-runner_3/0.5.6/test-runner_3-0.5.6.jar:/home/nt/.cache/coursier/v1/https/repo1.maven.org/maven2/com/lihaoyi/os-lib_3/0.11.3/os-lib_3-0.11.3.jar:/home/nt/.cache/coursier/v1/https/repo1.maven.org/maven2/com/lihaoyi/pprint_3/0.9.0/pprint_3-0.9.0.jar:/home/nt/.cache/coursier/v1/https/repo1.maven.org/maven2/org/scala-js/scalajs-env-nodejs_2.13/1.4.0/scalajs-env-nodejs_2.13-1.4.0.jar:/home/nt/.cache/coursier/v1/https/repo1.maven.org/maven2/org/scala-js/scalajs-sbt-test-adapter_2.13/1.17.0/scalajs-sbt-test-adapter_2.13-1.17.0.jar:/home/nt/.cache/coursier/v1/https/repo1.maven.org/maven2/com/swoval/file-tree-views/2.1.12/file-tree-views-2.1.12.jar:/home/nt/.cache/coursier/v1/https/repo1.maven.org/maven2/org/virtuslab/scala-cli/zip-input-stream/zip-input-stream/0.1.2/zip-input-stream-0.1.2.jar:/home/nt/.cache/coursier/v1/https/repo1.maven.org/maven2/org/virtuslab/scala-cli/options_3/1.5.4/options_3-1.5.4.jar:/home/nt/.cache/coursier/v1/https/repo1.maven.org/maven2/org/virtuslab/scala-cli/directives_3/1.5.4/directives_3-1.5.4.jar:/home/nt/.cache/coursier/v1/https/repo1.maven.org/maven2/org/virtuslab/scala-cli/scala-cli-bsp/1.5.4/scala-cli-bsp-1.5.4.jar:/home/nt/.cache/coursier/v1/https/repo1.maven.org/maven2/org/virtuslab/scala-cli/test-runner_3/1.5.4/test-runner_3-1.5.4.jar:/home/nt/.cache/coursier/v1/https/repo1.maven.org/maven2/org/virtuslab/scala-cli/tasty-lib_3/1.5.4/tasty-lib_3-1.5.4.jar:/home/nt/.cache/coursier/v1/https/repo1.maven.org/maven2/org/codehaus/plexus/plexus-archiver/4.9.2/plexus-archiver-4.9.2.jar:/home/nt/.cache/coursier/v1/https/repo1.maven.org/maven2/org/codehaus/plexus/plexus-container-default/2.1.1/plexus-container-default-2.1.1.jar:/home/nt/.cache/coursier/v1/https/repo1.maven.org/maven2/io/github/alexarchambault/windows-ansi/windows-ansi/0.0.5/windows-ansi-0.0.5.jar:/home/nt/.cache/coursier/v1/https/repo1.maven.org/maven2/io/get-coursier/cache-util/2.1.17/cache-util-2.1.17.jar:/home/nt/.cache/coursier/v1/https/repo1.maven.org/maven2/io/get-coursier/coursier-util_2.13/2.1.17/coursier-util_2.13-2.1.17.jar:/home/nt/.cache/coursier/v1/https/repo1.maven.org/maven2/io/github/alexarchambault/concurrent-reference-hash-map/1.1.0/concurrent-reference-hash-map-1.1.0.jar:/home/nt/.cache/coursier/v1/https/repo1.maven.org/maven2/org/scala-lang/modules/scala-xml_2.13/2.3.0/scala-xml_2.13-2.3.0.jar:/home/nt/.cache/coursier/v1/https/repo1.maven.org/maven2/com/google/guava/failureaccess/1.0.2/failureaccess-1.0.2.jar:/home/nt/.cache/coursier/v1/https/repo1.maven.org/maven2/com/google/guava/listenablefuture/9999.0-empty-to-avoid-conflict-with-guava/listenablefuture-9999.0-empty-to-avoid-conflict-with-guava.jar:/home/nt/.cache/coursier/v1/https/repo1.maven.org/maven2/com/google/code/findbugs/jsr305/3.0.2/jsr305-3.0.2.jar:/home/nt/.cache/coursier/v1/https/repo1.maven.org/maven2/org/checkerframework/checker-qual/3.43.0/checker-qual-3.43.0.jar:/home/nt/.cache/coursier/v1/https/repo1.maven.org/maven2/com/google/errorprone/error_prone_annotations/2.28.0/error_prone_annotations-2.28.0.jar:/home/nt/.cache/coursier/v1/https/repo1.maven.org/maven2/com/google/j2objc/j2objc-annotations/3.0.0/j2objc-annotations-3.0.0.jar:/home/nt/.cache/coursier/v1/https/repo1.maven.org/maven2/org/scalameta/metaconfig-pprint_3/0.13.0/metaconfig-pprint_3-0.13.0.jar:/home/nt/.cache/coursier/v1/https/repo1.maven.org/maven2/org/typelevel/paiges-core_3/0.4.4/paiges-core_3-0.4.4.jar:/home/nt/.cache/coursier/v1/https/repo1.maven.org/maven2/org/scala-lang/scala-reflect/2.13.14/scala-reflect-2.13.14.jar:/home/nt/.cache/coursier/v1/https/repo1.maven.org/maven2/com/google/cloud/tools/jib-build-plan/0.4.0/jib-build-plan-0.4.0.jar:/home/nt/.cache/coursier/v1/https/repo1.maven.org/maven2/com/google/http-client/google-http-client/1.34.0/google-http-client-1.34.0.jar:/home/nt/.cache/coursier/v1/https/repo1.maven.org/maven2/com/google/http-client/google-http-client-apache-v2/1.34.0/google-http-client-apache-v2-1.34.0.jar:/home/nt/.cache/coursier/v1/https/repo1.maven.org/maven2/com/google/auth/google-auth-library-oauth2-http/0.18.0/google-auth-library-oauth2-http-0.18.0.jar:/home/nt/.cache/coursier/v1/https/repo1.maven.org/maven2/org/apache/commons/commons-compress/1.26.1/commons-compress-1.26.1.jar:/home/nt/.cache/coursier/v1/https/repo1.maven.org/maven2/com/fasterxml/jackson/core/jackson-databind/2.13.3/jackson-databind-2.13.3.jar:/home/nt/.cache/coursier/v1/https/repo1.maven.org/maven2/com/fasterxml/jackson/datatype/jackson-datatype-jsr310/2.13.3/jackson-datatype-jsr310-2.13.3.jar:/home/nt/.cache/coursier/v1/https/repo1.maven.org/maven2/org/bouncycastle/bcprov-jdk18on/1.78.1/bcprov-jdk18on-1.78.1.jar:/home/nt/.cache/coursier/v1/https/repo1.maven.org/maven2/org/bouncycastle/bcutil-jdk18on/1.78.1/bcutil-jdk18on-1.78.1.jar:/home/nt/.cache/coursier/v1/https/repo1.maven.org/maven2/org/scala-lang/scala3-compiler_3/3.3.4/scala3-compiler_3-3.3.4.jar:/home/nt/.cache/coursier/v1/https/repo1.maven.org/maven2/org/scalameta/scalameta_2.13/4.9.9/scalameta_2.13-4.9.9.jar:/home/nt/.cache/coursier/v1/https/repo1.maven.org/maven2/com/thesamet/scalapb/scalapb-runtime_2.13/0.11.17/scalapb-runtime_2.13-0.11.17.jar:/home/nt/.cache/coursier/v1/https/repo1.maven.org/maven2/org/scala-native/tools_3/0.5.6/tools_3-0.5.6.jar:/home/nt/.cache/coursier/v1/https/repo1.maven.org/maven2/org/scala-sbt/test-interface/1.0/test-interface-1.0.jar:/home/nt/.cache/coursier/v1/https/repo1.maven.org/maven2/com/github/sbt/junit-interface/0.13.3/junit-interface-0.13.3.jar:/home/nt/.cache/coursier/v1/https/repo1.maven.org/maven2/junit/junit/4.13.2/junit-4.13.2.jar:/home/nt/.cache/coursier/v1/https/repo1.maven.org/maven2/com/lihaoyi/geny_3/1.1.1/geny_3-1.1.1.jar:/home/nt/.cache/coursier/v1/https/repo1.maven.org/maven2/com/lihaoyi/fansi_3/0.5.0/fansi_3-0.5.0.jar:/home/nt/.cache/coursier/v1/https/repo1.maven.org/maven2/org/scala-js/scalajs-js-envs_2.13/1.4.0/scalajs-js-envs_2.13-1.4.0.jar:/home/nt/.cache/coursier/v1/https/repo1.maven.org/maven2/ch/epfl/scala/bloop-config_2.13/2.1.0/bloop-config_2.13-2.1.0.jar:/home/nt/.cache/coursier/v1/https/repo1.maven.org/maven2/org/virtuslab/scala-cli/core_3/1.5.4/core_3-1.5.4.jar:/home/nt/.cache/coursier/v1/https/repo1.maven.org/maven2/org/virtuslab/using_directives/1.1.1/using_directives-1.1.1.jar:/home/nt/.cache/coursier/v1/https/repo1.maven.org/maven2/org/virtuslab/scala-cli/build-macros_3/1.5.4/build-macros_3-1.5.4.jar:/home/nt/.cache/coursier/v1/https/repo1.maven.org/maven2/ch/epfl/scala/bsp4j/2.1.1/bsp4j-2.1.1.jar:/home/nt/.cache/coursier/v1/https/repo1.maven.org/maven2/javax/inject/javax.inject/1/javax.inject-1.jar:/home/nt/.cache/coursier/v1/https/repo1.maven.org/maven2/org/codehaus/plexus/plexus-utils/4.0.0/plexus-utils-4.0.0.jar:/home/nt/.cache/coursier/v1/https/repo1.maven.org/maven2/org/codehaus/plexus/plexus-io/3.4.2/plexus-io-3.4.2.jar:/home/nt/.cache/coursier/v1/https/repo1.maven.org/maven2/commons-codec/commons-codec/1.16.1/commons-codec-1.16.1.jar:/home/nt/.cache/coursier/v1/https/repo1.maven.org/maven2/org/iq80/snappy/snappy/0.4/snappy-0.4.jar:/home/nt/.cache/coursier/v1/https/repo1.maven.org/maven2/org/tukaani/xz/1.9/xz-1.9.jar:/home/nt/.cache/coursier/v1/https/repo1.maven.org/maven2/com/github/luben/zstd-jni/1.5.5-11/zstd-jni-1.5.5-11.jar:/home/nt/.cache/coursier/v1/https/repo1.maven.org/maven2/org/codehaus/plexus/plexus-classworlds/2.6.0/plexus-classworlds-2.6.0.jar:/home/nt/.cache/coursier/v1/https/repo1.maven.org/maven2/org/apache/xbean/xbean-reflect/3.7/xbean-reflect-3.7.jar:/home/nt/.cache/coursier/v1/https/repo1.maven.org/maven2/org/fusesource/jansi/jansi/1.18/jansi-1.18.jar:/home/nt/.cache/coursier/v1/https/repo1.maven.org/maven2/org/apache/httpcomponents/httpclient/4.5.10/httpclient-4.5.10.jar:/home/nt/.cache/coursier/v1/https/repo1.maven.org/maven2/org/apache/httpcomponents/httpcore/4.4.12/httpcore-4.4.12.jar:/home/nt/.cache/coursier/v1/https/repo1.maven.org/maven2/io/opencensus/opencensus-api/0.24.0/opencensus-api-0.24.0.jar:/home/nt/.cache/coursier/v1/https/repo1.maven.org/maven2/io/opencensus/opencensus-contrib-http-util/0.24.0/opencensus-contrib-http-util-0.24.0.jar:/home/nt/.cache/coursier/v1/https/repo1.maven.org/maven2/com/google/auto/value/auto-value-annotations/1.6.6/auto-value-annotations-1.6.6.jar:/home/nt/.cache/coursier/v1/https/repo1.maven.org/maven2/com/google/auth/google-auth-library-credentials/0.18.0/google-auth-library-credentials-0.18.0.jar:/home/nt/.cache/coursier/v1/https/repo1.maven.org/maven2/com/google/http-client/google-http-client-jackson2/1.32.1/google-http-client-jackson2-1.32.1.jar:/home/nt/.cache/coursier/v1/https/repo1.maven.org/maven2/org/apache/commons/commons-lang3/3.14.0/commons-lang3-3.14.0.jar:/home/nt/.cache/coursier/v1/https/repo1.maven.org/maven2/com/fasterxml/jackson/core/jackson-annotations/2.13.3/jackson-annotations-2.13.3.jar:/home/nt/.cache/coursier/v1/https/repo1.maven.org/maven2/com/fasterxml/jackson/core/jackson-core/2.13.3/jackson-core-2.13.3.jar:/home/nt/.cache/coursier/v1/https/repo1.maven.org/maven2/org/scala-lang/scala3-interfaces/3.3.4/scala3-interfaces-3.3.4.jar:/home/nt/.cache/coursier/v1/https/repo1.maven.org/maven2/org/scala-lang/tasty-core_3/3.3.4/tasty-core_3-3.3.4.jar:/home/nt/.cache/coursier/v1/https/repo1.maven.org/maven2/org/scala-lang/modules/scala-asm/9.6.0-scala-1/scala-asm-9.6.0-scala-1.jar:/home/nt/.cache/coursier/v1/https/repo1.maven.org/maven2/org/scala-sbt/compiler-interface/1.9.6/compiler-interface-1.9.6.jar:/home/nt/.cache/coursier/v1/https/repo1.maven.org/maven2/org/scalameta/parsers_2.13/4.9.9/parsers_2.13-4.9.9.jar:/home/nt/.cache/coursier/v1/https/repo1.maven.org/maven2/org/scala-lang/scalap/2.13.11/scalap-2.13.11.jar:/home/nt/.cache/coursier/v1/https/repo1.maven.org/maven2/com/thesamet/scalapb/lenses_2.13/0.11.17/lenses_2.13-0.11.17.jar:/home/nt/.cache/coursier/v1/https/repo1.maven.org/maven2/com/google/protobuf/protobuf-java/3.19.6/protobuf-java-3.19.6.jar:/home/nt/.cache/coursier/v1/https/repo1.maven.org/maven2/org/scala-native/nir_3/0.5.6/nir_3-0.5.6.jar:/home/nt/.cache/coursier/v1/https/repo1.maven.org/maven2/org/scala-native/util_3/0.5.6/util_3-0.5.6.jar:/home/nt/.cache/coursier/v1/https/repo1.maven.org/maven2/org/hamcrest/hamcrest-core/1.3/hamcrest-core-1.3.jar:/home/nt/.cache/coursier/v1/https/repo1.maven.org/maven2/org/scala-js/scalajs-logging_2.13/1.1.1/scalajs-logging_2.13-1.1.1.jar:/home/nt/.cache/coursier/v1/https/repo1.maven.org/maven2/com/lihaoyi/unroll-annotation_2.13/0.1.12/unroll-annotation_2.13-0.1.12.jar:/home/nt/.cache/coursier/v1/https/repo1.maven.org/maven2/ch/epfl/scala/bloop-rifle_2.13/2.0.5/bloop-rifle_2.13-2.0.5.jar:/home/nt/.cache/coursier/v1/https/repo1.maven.org/maven2/io/get-coursier/coursier-jvm_2.13/2.1.17/coursier-jvm_2.13-2.1.17.jar:/home/nt/.cache/coursier/v1/https/repo1.maven.org/maven2/io/get-coursier/dependency_3/0.3.1/dependency_3-0.3.1.jar:/home/nt/.cache/coursier/v1/https/repo1.maven.org/maven2/org/eclipse/jgit/org.eclipse.jgit/6.8.0.202311291450-r/org.eclipse.jgit-6.8.0.202311291450-r.jar:/home/nt/.cache/coursier/v1/https/repo1.maven.org/maven2/org/scala-js/scalajs-env-jsdom-nodejs_2.13/1.1.0/scalajs-env-jsdom-nodejs_2.13-1.1.0.jar:/home/nt/.cache/coursier/v1/https/repo1.maven.org/maven2/org/eclipse/lsp4j/org.eclipse.lsp4j.generator/0.20.1/org.eclipse.lsp4j.generator-0.20.1.jar:/home/nt/.cache/coursier/v1/https/repo1.maven.org/maven2/org/eclipse/lsp4j/org.eclipse.lsp4j.jsonrpc/0.20.1/org.eclipse.lsp4j.jsonrpc-0.20.1.jar:/home/nt/.cache/coursier/v1/https/repo1.maven.org/maven2/commons-logging/commons-logging/1.2/commons-logging-1.2.jar:/home/nt/.cache/coursier/v1/https/repo1.maven.org/maven2/io/grpc/grpc-context/1.22.1/grpc-context-1.22.1.jar:/home/nt/.cache/coursier/v1/https/repo1.maven.org/maven2/org/scala-sbt/util-interface/1.9.8/util-interface-1.9.8.jar:/home/nt/.cache/coursier/v1/https/repo1.maven.org/maven2/org/scalameta/trees_2.13/4.9.9/trees_2.13-4.9.9.jar:/home/nt/.cache/coursier/v1/https/repo1.maven.org/maven2/org/scala-lang/scala-compiler/2.13.11/scala-compiler-2.13.11.jar:/home/nt/.cache/coursier/v1/https/repo1.maven.org/maven2/ch/epfl/scala/libdaemon_2.13/0.0.12/libdaemon_2.13-0.0.12.jar:/home/nt/.cache/coursier/v1/https/repo1.maven.org/maven2/io/github/alexarchambault/scala-cli/snailgun/snailgun-core_2.13/0.4.1-sc2/snailgun-core_2.13-0.4.1-sc2.jar:/home/nt/.cache/coursier/v1/https/repo1.maven.org/maven2/io/get-coursier/coursier_2.13/2.1.17/coursier_2.13-2.1.17.jar:/home/nt/.cache/coursier/v1/https/repo1.maven.org/maven2/io/get-coursier/coursier-env_2.13/2.1.17/coursier-env_2.13-2.1.17.jar:/home/nt/.cache/coursier/v1/https/repo1.maven.org/maven2/com/googlecode/javaewah/JavaEWAH/1.2.3/JavaEWAH-1.2.3.jar:/home/nt/.cache/coursier/v1/https/repo1.maven.org/maven2/org/eclipse/xtend/org.eclipse.xtend.lib/2.28.0/org.eclipse.xtend.lib-2.28.0.jar:/home/nt/.cache/coursier/v1/https/repo1.maven.org/maven2/com/google/code/gson/gson/2.10.1/gson-2.10.1.jar:/home/nt/.cache/coursier/v1/https/repo1.maven.org/maven2/org/scalameta/common_2.13/4.9.9/common_2.13-4.9.9.jar:/home/nt/.cache/coursier/v1/https/repo1.maven.org/maven2/io/github/java-diff-utils/java-diff-utils/4.12/java-diff-utils-4.12.jar:/home/nt/.cache/coursier/v1/https/repo1.maven.org/maven2/org/eclipse/xtext/org.eclipse.xtext.xbase.lib/2.28.0/org.eclipse.xtext.xbase.lib-2.28.0.jar:/home/nt/.cache/coursier/v1/https/repo1.maven.org/maven2/org/eclipse/xtend/org.eclipse.xtend.lib.macro/2.28.0/org.eclipse.xtend.lib.macro-2.28.0.jar, scala.cli.ScalaCli, bsp, --workspace, /tmp/metals-scala-cli13404437609032427782, --semantic-db-source-root, /home/nt/Documents/ФЛП/hello-world/src/main/scala, /home/nt/Documents/ФЛП/hello-world/src/main/scala/Main.scala)
2024.12.16 20:45:29 INFO  tracing is disabled for protocol BSP, to enable tracing of incoming and outgoing JSON messages create an empty file at /home/nt/Documents/ФЛП/hello-world/src/main/scala/.metals/bsp.trace.json or /home/nt/.cache/metals/bsp.trace.json
2024.12.16 20:45:31 INFO  Scala CLI: Downloading https://repo1.maven.org/maven2/org/scala-lang/scala3-compiler_3/3.5.2/scala3-compiler_3-3.5.2.pom
2024.12.16 20:45:31 INFO  Scala CLI: Downloaded https://repo1.maven.org/maven2/org/scala-lang/scala3-compiler_3/3.5.2/scala3-compiler_3-3.5.2.pom
2024.12.16 20:45:31 INFO  Scala CLI: Downloading https://repo1.maven.org/maven2/org/scala-lang/tasty-core_3/3.5.2/tasty-core_3-3.5.2.pom
2024.12.16 20:45:31 INFO  Scala CLI: Downloading https://repo1.maven.org/maven2/org/scala-lang/scala3-interfaces/3.5.2/scala3-interfaces-3.5.2.pom
2024.12.16 20:45:31 INFO  Scala CLI: Downloading https://repo1.maven.org/maven2/org/scala-lang/scala3-library_3/3.5.2/scala3-library_3-3.5.2.pom
2024.12.16 20:45:31 INFO  Scala CLI: Downloading https://repo1.maven.org/maven2/org/scala-lang/modules/scala-asm/9.7.0-scala-2/scala-asm-9.7.0-scala-2.pom
2024.12.16 20:45:31 INFO  Scala CLI: Downloaded https://repo1.maven.org/maven2/org/scala-lang/tasty-core_3/3.5.2/tasty-core_3-3.5.2.pom
2024.12.16 20:45:31 INFO  Scala CLI: Downloaded https://repo1.maven.org/maven2/org/scala-lang/modules/scala-asm/9.7.0-scala-2/scala-asm-9.7.0-scala-2.pom
2024.12.16 20:45:31 INFO  Scala CLI: Downloaded https://repo1.maven.org/maven2/org/scala-lang/scala3-library_3/3.5.2/scala3-library_3-3.5.2.pom
2024.12.16 20:45:31 INFO  Scala CLI: Downloaded https://repo1.maven.org/maven2/org/scala-lang/scala3-interfaces/3.5.2/scala3-interfaces-3.5.2.pom
2024.12.16 20:45:31 INFO  Scala CLI: Downloading https://repo1.maven.org/maven2/org/scala-lang/scala3-interfaces/3.5.2/scala3-interfaces-3.5.2.jar
2024.12.16 20:45:31 INFO  Scala CLI: Downloading https://repo1.maven.org/maven2/org/scala-lang/modules/scala-asm/9.7.0-scala-2/scala-asm-9.7.0-scala-2.jar
2024.12.16 20:45:31 INFO  Scala CLI: Downloading https://repo1.maven.org/maven2/org/scala-lang/tasty-core_3/3.5.2/tasty-core_3-3.5.2.jar
2024.12.16 20:45:31 INFO  Scala CLI: Downloading https://repo1.maven.org/maven2/org/scala-lang/scala3-library_3/3.5.2/scala3-library_3-3.5.2.jar
2024.12.16 20:45:31 INFO  Scala CLI: Downloading https://repo1.maven.org/maven2/org/scala-lang/scala3-compiler_3/3.5.2/scala3-compiler_3-3.5.2.jar
2024.12.16 20:45:31 INFO  Scala CLI: Downloaded https://repo1.maven.org/maven2/org/scala-lang/tasty-core_3/3.5.2/tasty-core_3-3.5.2.jar
2024.12.16 20:45:31 INFO  Scala CLI: Downloaded https://repo1.maven.org/maven2/org/scala-lang/scala3-interfaces/3.5.2/scala3-interfaces-3.5.2.jar
2024.12.16 20:45:31 INFO  Scala CLI: Downloaded https://repo1.maven.org/maven2/org/scala-lang/modules/scala-asm/9.7.0-scala-2/scala-asm-9.7.0-scala-2.jar
2024.12.16 20:45:32 INFO  Scala CLI: Downloaded https://repo1.maven.org/maven2/org/scala-lang/scala3-library_3/3.5.2/scala3-library_3-3.5.2.jar
2024.12.16 20:45:37 INFO  compiling lb1 (1 scala source)
2024.12.16 20:45:37 INFO  time: compiled lb1 in 0.17s
2024.12.16 20:45:38 INFO  Scala CLI: Still downloading:
2024.12.16 20:45:38 INFO  Scala CLI: https://repo1.maven.org/maven2/org/scala-lang/scala3-compiler_3/3.5.2/scala3-compiler_3-3.5.2.jar (36.15 %, 7746732 / 21430827)
2024.12.16 20:45:38 INFO  Scala CLI: 
2024.12.16 20:45:39 INFO  no build target found for /home/nt/Documents/ФЛП/hello-world/src/main/scala/Main.scala. Using presentation compiler with project's scala-library version: 3.3.4
2024.12.16 20:45:39 INFO  no build target found for /home/nt/Documents/ФЛП/hello-world/src/main/scala/Main.scala. Using presentation compiler with project's scala-library version: 3.3.4
2024.12.16 20:45:39 INFO  no build target found for /home/nt/Documents/ФЛП/hello-world/src/main/scala/Main.scala. Using presentation compiler with project's scala-library version: 3.3.4
2024.12.16 20:45:44 INFO  Scala CLI: Still downloading:
2024.12.16 20:45:44 INFO  Scala CLI: https://repo1.maven.org/maven2/org/scala-lang/scala3-compiler_3/3.5.2/scala3-compiler_3-3.5.2.jar (73.53 %, 15758508 / 21430827)
2024.12.16 20:45:44 INFO  Scala CLI: 
2024.12.16 20:45:45 INFO  compiling lb1 (1 scala source)
2024.12.16 20:45:45 INFO  time: compiled lb1 in 99ms
2024.12.16 20:45:48 INFO  Scala CLI: Downloaded https://repo1.maven.org/maven2/org/scala-lang/scala3-compiler_3/3.5.2/scala3-compiler_3-3.5.2.jar
2024.12.16 20:45:48 INFO  Scala CLI: Downloading https://repo1.maven.org/maven2/org/scala-lang/scala3-sbt-bridge/3.5.2/scala3-sbt-bridge-3.5.2.pom
2024.12.16 20:45:48 INFO  Scala CLI: Downloaded https://repo1.maven.org/maven2/org/scala-lang/scala3-sbt-bridge/3.5.2/scala3-sbt-bridge-3.5.2.pom
2024.12.16 20:45:48 INFO  Scala CLI: Downloading https://repo1.maven.org/maven2/org/scala-lang/scala3-sbt-bridge/3.5.2/scala3-sbt-bridge-3.5.2.jar
2024.12.16 20:45:48 INFO  Scala CLI: Downloaded https://repo1.maven.org/maven2/org/scala-lang/scala3-sbt-bridge/3.5.2/scala3-sbt-bridge-3.5.2.jar
2024.12.16 20:45:48 INFO  Scala CLI: Downloading https://repo1.maven.org/maven2/org/scala-lang/scala3-library_3/3.5.2/scala3-library_3-3.5.2-sources.jar
2024.12.16 20:45:48 INFO  Scala CLI: Downloaded https://repo1.maven.org/maven2/org/scala-lang/scala3-library_3/3.5.2/scala3-library_3-3.5.2-sources.jar
2024.12.16 20:45:48 INFO  compiling lb1 (1 scala source)
2024.12.16 20:45:48 INFO  Connected to Scala CLI server v1.5.4
2024.12.16 20:45:48 INFO  time: compiled lb1 in 0.34s
2024.12.16 20:45:49 INFO  compiling metals-scala-cli13404437609032427782_42c50342e9-94b39c8a67 (1 scala source)
2024.12.16 20:45:50 WARN  Could not find java sources in /usr/lib/jvm/src.zip, /usr/lib/jvm/lib/src.zip, /usr/lib/jvm/java-17-openjdk-amd64/src.zip, /usr/lib/jvm/java-17-openjdk-amd64/lib/src.zip. Java symbols will not be available.
Dec 16, 2024 8:45:50 PM org.eclipse.lsp4j.jsonrpc.RemoteEndpoint handleCancellation
WARNING: Unmatched cancel notification for request id 567
2024.12.16 20:45:50 INFO  time: indexed workspace in 2.31s
2024.12.16 20:45:52 INFO  time: compiled metals-scala-cli13404437609032427782_42c50342e9-94b39c8a67 in 3.63s
2024.12.16 20:45:53 INFO  Scala CLI started for /home/nt/Documents/ФЛП/hello-world/src/main/scala/Main.scala
Dec 16, 2024 8:45:53 PM scala.meta.internal.pc.CompilerAccess handleError
SEVERE: A severe compiler error occurred, full details of the error can be found in the error report /tmp/fallback-service17478421638517317529/.metals/.reports/metals-full/2024-12-16/r_compiler-error_(metals-scala-cli13404437609032427782_42c50342e9-94b39c8a67)_20-45-53-749.md
2024.12.16 20:45:53 INFO  time: code lens generation in 3.01s
2024.12.16 20:45:54 INFO  time: code lens generation in 2.5s
2024.12.16 20:45:55 INFO  compiling lb1 (1 scala source)
2024.12.16 20:45:55 INFO  time: compiled lb1 in 0.17s
2024.12.16 20:46:09 INFO  compiling lb1 (1 scala source)
2024.12.16 20:46:09 INFO  time: compiled lb1 in 0.49s
2024.12.16 20:46:19 INFO  compiling lb1 (1 scala source)
2024.12.16 20:46:19 INFO  time: compiled lb1 in 84ms
2024.12.16 20:46:19 INFO  compiling lb1 (1 scala source)
2024.12.16 20:46:19 INFO  time: compiled lb1 in 90ms
2024.12.16 20:46:41 INFO  compiling lb1 (1 scala source)
2024.12.16 20:46:41 INFO  time: compiled lb1 in 0.25s
2024.12.16 20:47:15 INFO  compiling lb1 (1 scala source)
2024.12.16 20:47:15 INFO  time: compiled lb1 in 0.17s
2024.12.16 20:47:21 INFO  compiling lb1 (1 scala source)
2024.12.16 20:47:21 INFO  time: compiled lb1 in 0.22s
2024.12.16 20:47:52 INFO  compiling lb1 (1 scala source)
2024.12.16 20:47:52 INFO  time: compiled lb1 in 84ms
2024.12.16 20:47:52 INFO  compiling lb1 (1 scala source)
2024.12.16 20:47:52 INFO  time: compiled lb1 in 73ms
2024.12.16 20:48:17 INFO  compiling lb1 (1 scala source)
2024.12.16 20:48:17 INFO  time: compiled lb1 in 75ms
2024.12.16 20:48:18 INFO  compiling lb1 (1 scala source)
2024.12.16 20:48:18 INFO  time: compiled lb1 in 83ms
2024.12.16 20:48:24 INFO  compiling lb1 (1 scala source)
2024.12.16 20:48:24 INFO  time: compiled lb1 in 75ms
2024.12.16 20:48:25 INFO  compiling lb1 (1 scala source)
2024.12.16 20:48:25 INFO  time: compiled lb1 in 79ms
2024.12.16 20:48:25 INFO  compiling lb1 (1 scala source)
2024.12.16 20:48:25 INFO  time: compiled lb1 in 72ms
2024.12.16 20:49:59 INFO  compiling lb1 (1 scala source)
2024.12.16 20:49:59 INFO  time: compiled lb1 in 0.1s
2024.12.16 20:50:29 INFO  compiling lb1 (1 scala source)
2024.12.16 20:50:29 INFO  time: compiled lb1 in 0.25s
2024.12.16 20:50:34 INFO  compiling lb1 (1 scala source)
2024.12.16 20:50:34 INFO  time: compiled lb1 in 0.18s
2024.12.16 20:50:38 INFO  compiling lb1 (1 scala source)
2024.12.16 20:50:38 INFO  time: compiled lb1 in 71ms
2024.12.16 20:50:57 INFO  compiling lb1 (1 scala source)
2024.12.16 20:50:57 INFO  time: compiled lb1 in 74ms
2024.12.16 20:50:57 INFO  compiling lb1 (1 scala source)
2024.12.16 20:50:57 INFO  time: compiled lb1 in 76ms
2024.12.16 20:51:10 INFO  compiling lb1 (1 scala source)
2024.12.16 20:51:10 INFO  time: compiled lb1 in 0.19s
2024.12.16 20:51:20 INFO  compiling lb1 (1 scala source)
2024.12.16 20:51:20 INFO  time: compiled lb1 in 0.18s
2024.12.16 20:52:07 INFO  compiling lb1 (1 scala source)
2024.12.16 20:52:07 INFO  time: compiled lb1 in 0.22s
2024.12.16 20:56:49 INFO  compiling lb1 (1 scala source)
2024.12.16 20:56:49 INFO  time: compiled lb1 in 0.21s
2024.12.16 20:56:51 INFO  compiling lb1 (1 scala source)
2024.12.16 20:56:51 INFO  time: compiled lb1 in 0.16s
2024.12.16 20:57:29 INFO  compiling lb1 (1 scala source)
2024.12.16 20:57:29 INFO  time: compiled lb1 in 0.21s
2024.12.16 20:57:37 INFO  compiling lb1 (1 scala source)
2024.12.16 20:57:37 INFO  time: compiled lb1 in 0.15s
2024.12.16 20:57:55 INFO  compiling lb1 (1 scala source)
2024.12.16 20:57:55 INFO  time: compiled lb1 in 83ms
2024.12.16 20:58:09 INFO  compiling lb1 (1 scala source)
2024.12.16 20:58:09 INFO  time: compiled lb1 in 0.23s
2024.12.16 20:58:35 INFO  compiling lb1 (1 scala source)
2024.12.16 20:58:35 INFO  time: compiled lb1 in 72ms
2024.12.16 20:58:38 INFO  compiling lb1 (1 scala source)
2024.12.16 20:58:38 INFO  time: compiled lb1 in 67ms
2024.12.16 20:58:40 INFO  compiling lb1 (1 scala source)
2024.12.16 20:58:40 INFO  time: compiled lb1 in 68ms
Dec 16, 2024 8:59:45 PM org.eclipse.lsp4j.jsonrpc.RemoteEndpoint handleCancellation
WARNING: Unmatched cancel notification for request id 2918
2024.12.16 20:59:48 INFO  compiling lb1 (1 scala source)
2024.12.16 20:59:48 INFO  time: compiled lb1 in 0.21s
2024.12.16 21:01:27 INFO  compiling lb1 (1 scala source)
2024.12.16 21:01:27 INFO  time: compiled lb1 in 0.22s
2024.12.16 21:01:28 INFO  compiling lb1 (1 scala source)
2024.12.16 21:01:28 INFO  time: compiled lb1 in 81ms
2024.12.16 21:02:30 INFO  compiling lb1 (1 scala source)
2024.12.16 21:02:30 INFO  time: compiled lb1 in 0.11s
2024.12.16 21:02:37 INFO  compiling lb1 (1 scala source)
2024.12.16 21:02:37 INFO  time: compiled lb1 in 82ms
2024.12.16 21:03:22 INFO  compiling lb1 (1 scala source)
2024.12.16 21:03:22 INFO  time: compiled lb1 in 0.32s
2024.12.16 21:03:33 INFO  compiling lb1 (1 scala source)
2024.12.16 21:03:33 INFO  time: compiled lb1 in 0.23s
2024.12.16 21:03:33 INFO  compiling lb1 (1 scala source)
2024.12.16 21:03:33 INFO  time: compiled lb1 in 0.23s
2024.12.16 21:03:37 INFO  compiling lb1 (1 scala source)
2024.12.16 21:03:37 INFO  time: compiled lb1 in 0.24s
2024.12.16 21:03:37 INFO  compiling lb1 (1 scala source)
2024.12.16 21:03:37 INFO  time: compiled lb1 in 0.26s
2024.12.16 21:03:41 INFO  compiling lb1 (1 scala source)
2024.12.16 21:03:41 INFO  time: compiled lb1 in 0.17s
2024.12.16 21:03:41 INFO  compiling lb1 (1 scala source)
2024.12.16 21:03:41 INFO  time: compiled lb1 in 0.16s
2024.12.16 21:03:42 INFO  compiling lb1 (1 scala source)
2024.12.16 21:03:42 INFO  time: compiled lb1 in 0.17s
2024.12.16 21:03:42 INFO  compiling lb1 (1 scala source)
2024.12.16 21:03:42 INFO  time: compiled lb1 in 0.18s
2024.12.16 21:03:48 INFO  compiling lb1 (1 scala source)
2024.12.16 21:03:48 INFO  time: compiled lb1 in 0.17s
2024.12.16 21:05:45 INFO  compiling lb1 (1 scala source)
2024.12.16 21:05:45 INFO  time: compiled lb1 in 0.34s
2024.12.16 21:05:45 INFO  compiling lb1 (1 scala source)
2024.12.16 21:05:46 INFO  time: compiled lb1 in 0.27s
2024.12.16 21:05:48 INFO  compiling lb1 (1 scala source)
2024.12.16 21:05:48 INFO  time: compiled lb1 in 0.21s
2024.12.16 21:05:48 INFO  compiling lb1 (1 scala source)
2024.12.16 21:05:48 INFO  time: compiled lb1 in 0.22s
2024.12.16 21:05:49 INFO  compiling lb1 (1 scala source)
2024.12.16 21:05:49 INFO  time: compiled lb1 in 0.23s
2024.12.16 21:05:57 INFO  compiling lb1 (1 scala source)
2024.12.16 21:05:57 INFO  time: compiled lb1 in 0.17s
2024.12.16 21:05:57 INFO  compiling lb1 (1 scala source)
2024.12.16 21:05:57 INFO  time: compiled lb1 in 0.17s
2024.12.16 21:07:40 INFO  compiling lb1 (1 scala source)
2024.12.16 21:07:40 INFO  time: compiled lb1 in 0.29s
Dec 16, 2024 9:08:42 PM org.eclipse.lsp4j.jsonrpc.RemoteEndpoint handleCancellation
WARNING: Unmatched cancel notification for request id 4020
2024.12.16 21:09:00 INFO  compiling lb1 (1 scala source)
2024.12.16 21:09:00 INFO  time: compiled lb1 in 0.22s
2024.12.16 21:09:01 INFO  compiling lb1 (1 scala source)
2024.12.16 21:09:01 INFO  time: compiled lb1 in 0.21s
2024.12.16 21:09:01 INFO  compiling lb1 (1 scala source)
2024.12.16 21:09:01 INFO  time: compiled lb1 in 0.22s
2024.12.16 21:09:10 INFO  compiling lb1 (1 scala source)
2024.12.16 21:09:10 INFO  time: compiled lb1 in 0.17s
2024.12.16 21:09:12 INFO  compiling lb1 (1 scala source)
2024.12.16 21:09:12 INFO  time: compiled lb1 in 0.18s
2024.12.16 21:09:12 INFO  compiling lb1 (1 scala source)
2024.12.16 21:09:12 INFO  time: compiled lb1 in 0.27s
2024.12.16 21:09:15 INFO  compiling lb1 (1 scala source)
2024.12.16 21:09:15 INFO  time: compiled lb1 in 0.21s
2024.12.16 21:09:15 INFO  compiling lb1 (1 scala source)
2024.12.16 21:09:16 INFO  time: compiled lb1 in 0.15s
2024.12.16 21:09:25 INFO  compiling lb1 (1 scala source)
2024.12.16 21:09:25 INFO  time: compiled lb1 in 0.22s
2024.12.16 21:09:25 INFO  compiling lb1 (1 scala source)
2024.12.16 21:09:25 INFO  time: compiled lb1 in 0.2s
2024.12.16 21:10:04 INFO  compiling lb1 (1 scala source)
2024.12.16 21:10:04 INFO  time: compiled lb1 in 0.31s
2024.12.16 21:10:04 INFO  compiling lb1 (1 scala source)
2024.12.16 21:10:05 INFO  time: compiled lb1 in 0.26s
2024.12.16 21:10:12 INFO  compiling lb1 (1 scala source)
2024.12.16 21:10:12 INFO  time: compiled lb1 in 0.23s
2024.12.16 21:10:12 INFO  compiling lb1 (1 scala source)
2024.12.16 21:10:13 INFO  time: compiled lb1 in 0.2s
2024.12.16 21:10:29 INFO  compiling lb1 (1 scala source)
2024.12.16 21:10:29 INFO  time: compiled lb1 in 0.19s
2024.12.16 21:10:30 INFO  compiling lb1 (1 scala source)
2024.12.16 21:10:30 INFO  time: compiled lb1 in 0.18s
2024.12.16 21:10:38 INFO  compiling lb1 (1 scala source)
2024.12.16 21:10:38 INFO  time: compiled lb1 in 0.21s
2024.12.16 21:10:38 INFO  compiling lb1 (1 scala source)
2024.12.16 21:10:39 INFO  time: compiled lb1 in 0.17s
2024.12.16 21:10:40 INFO  compiling lb1 (1 scala source)
2024.12.16 21:10:40 INFO  time: compiled lb1 in 0.29s
2024.12.16 21:11:02 INFO  compiling lb1 (1 scala source)
2024.12.16 21:11:02 INFO  time: compiled lb1 in 0.19s
2024.12.16 21:11:02 INFO  compiling lb1 (1 scala source)
2024.12.16 21:11:02 INFO  time: compiled lb1 in 0.18s
2024.12.16 21:11:10 INFO  compiling lb1 (1 scala source)
2024.12.16 21:11:10 INFO  time: compiled lb1 in 0.18s
2024.12.16 21:11:10 INFO  compiling lb1 (1 scala source)
2024.12.16 21:11:11 INFO  time: compiled lb1 in 0.16s
2024.12.16 21:11:11 INFO  compiling lb1 (1 scala source)
2024.12.16 21:11:12 INFO  time: compiled lb1 in 0.17s
2024.12.16 21:11:15 INFO  compiling lb1 (1 scala source)
2024.12.16 21:11:15 INFO  time: compiled lb1 in 0.17s
2024.12.16 21:11:15 INFO  compiling lb1 (1 scala source)
2024.12.16 21:11:15 INFO  time: compiled lb1 in 0.22s
2024.12.16 21:11:27 INFO  compiling lb1 (1 scala source)
2024.12.16 21:11:27 INFO  time: compiled lb1 in 0.15s
2024.12.16 21:11:27 INFO  compiling lb1 (1 scala source)
2024.12.16 21:11:27 INFO  time: compiled lb1 in 0.15s
2024.12.16 21:11:28 INFO  compiling lb1 (1 scala source)
2024.12.16 21:11:28 INFO  time: compiled lb1 in 0.14s
2024.12.16 21:11:35 INFO  compiling lb1 (1 scala source)
2024.12.16 21:11:35 INFO  time: compiled lb1 in 65ms
2024.12.16 21:11:37 INFO  compiling lb1 (1 scala source)
2024.12.16 21:11:37 INFO  time: compiled lb1 in 92ms
2024.12.16 21:11:39 INFO  compiling lb1 (1 scala source)
2024.12.16 21:11:39 INFO  time: compiled lb1 in 0.15s
2024.12.16 21:12:16 INFO  compiling lb1 (1 scala source)
2024.12.16 21:12:16 INFO  time: compiled lb1 in 0.21s
2024.12.16 21:12:28 INFO  compiling lb1 (1 scala source)
2024.12.16 21:12:28 INFO  time: compiled lb1 in 0.16s
2024.12.16 21:12:42 INFO  compiling lb1 (1 scala source)
2024.12.16 21:12:42 INFO  time: compiled lb1 in 78ms
2024.12.16 21:12:47 INFO  compiling lb1 (1 scala source)
2024.12.16 21:12:47 INFO  time: compiled lb1 in 0.17s
2024.12.16 21:12:54 INFO  compiling lb1 (1 scala source)
2024.12.16 21:12:54 INFO  time: compiled lb1 in 0.17s
2024.12.16 21:13:17 INFO  compiling lb1 (1 scala source)
2024.12.16 21:13:17 INFO  time: compiled lb1 in 74ms
2024.12.16 21:13:21 INFO  compiling lb1 (1 scala source)
2024.12.16 21:13:21 INFO  time: compiled lb1 in 66ms
2024.12.16 21:13:21 INFO  compiling lb1 (1 scala source)
2024.12.16 21:13:21 INFO  time: compiled lb1 in 58ms
2024.12.16 21:13:22 INFO  compiling lb1 (1 scala source)
2024.12.16 21:13:22 INFO  time: compiled lb1 in 65ms
2024.12.16 21:13:27 INFO  compiling lb1 (1 scala source)
2024.12.16 21:13:27 INFO  time: compiled lb1 in 64ms
2024.12.16 21:13:30 INFO  compiling lb1 (1 scala source)
2024.12.16 21:13:30 INFO  time: compiled lb1 in 66ms
2024.12.16 21:13:34 INFO  time: compiled lb1 in 2ms
2024.12.16 21:14:00 INFO  compiling lb1 (1 scala source)
2024.12.16 21:14:00 INFO  time: compiled lb1 in 0.21s
2024.12.16 21:14:05 INFO  compiling lb1 (1 scala source)
2024.12.16 21:14:05 INFO  time: compiled lb1 in 0.18s
2024.12.16 21:14:05 INFO  compiling lb1 (1 scala source)
2024.12.16 21:14:06 INFO  time: compiled lb1 in 0.17s
2024.12.16 21:14:17 INFO  compiling lb1 (1 scala source)
2024.12.16 21:14:17 INFO  time: compiled lb1 in 0.15s
2024.12.16 21:14:24 INFO  compiling lb1 (1 scala source)
2024.12.16 21:14:24 INFO  time: compiled lb1 in 0.15s
2024.12.16 21:14:34 INFO  compiling lb1 (1 scala source)
2024.12.16 21:14:34 INFO  time: compiled lb1 in 0.14s
2024.12.16 21:14:39 INFO  compiling lb1 (1 scala source)
2024.12.16 21:14:39 INFO  time: compiled lb1 in 0.16s
2024.12.16 21:15:34 INFO  compiling lb1 (1 scala source)
2024.12.16 21:15:34 INFO  time: compiled lb1 in 0.1s
2024.12.16 21:15:43 INFO  compiling lb1 (1 scala source)
2024.12.16 21:15:43 INFO  time: compiled lb1 in 66ms
2024.12.16 21:15:44 INFO  compiling lb1 (1 scala source)
2024.12.16 21:15:44 INFO  time: compiled lb1 in 0.1s
Dec 16, 2024 9:16:08 PM org.eclipse.lsp4j.jsonrpc.RemoteEndpoint handleCancellation
WARNING: Unmatched cancel notification for request id 6087
2024.12.16 21:16:09 INFO  time: compiled lb1 in 2ms
2024.12.16 21:16:20 INFO  compiling lb1 (1 scala source)
2024.12.16 21:16:20 INFO  time: compiled lb1 in 0.23s
2024.12.16 21:16:21 INFO  compiling lb1 (1 scala source)
2024.12.16 21:16:21 INFO  time: compiled lb1 in 0.2s
2024.12.16 21:16:34 INFO  compiling lb1 (1 scala source)
2024.12.16 21:16:34 INFO  time: compiled lb1 in 0.15s
2024.12.16 21:16:41 INFO  compiling lb1 (1 scala source)
2024.12.16 21:16:41 INFO  time: compiled lb1 in 0.19s
2024.12.16 21:16:41 INFO  compiling lb1 (1 scala source)
2024.12.16 21:16:41 INFO  time: compiled lb1 in 0.14s
Dec 16, 2024 9:16:52 PM org.eclipse.lsp4j.jsonrpc.RemoteEndpoint handleCancellation
WARNING: Unmatched cancel notification for request id 6264
2024.12.16 21:16:54 INFO  time: compiled lb1 in 2ms
2024.12.16 21:17:59 INFO  compiling lb1 (1 scala source)
2024.12.16 21:17:59 INFO  time: compiled lb1 in 0.2s
Dec 16, 2024 9:18:40 PM org.eclipse.lsp4j.jsonrpc.RemoteEndpoint handleCancellation
WARNING: Unmatched cancel notification for request id 6339
2024.12.16 21:18:51 INFO  compiling lb1 (1 scala source)
2024.12.16 21:18:51 INFO  time: compiled lb1 in 99ms
2024.12.16 21:18:51 INFO  compiling lb1 (1 scala source)
2024.12.16 21:18:51 INFO  time: compiled lb1 in 84ms
2024.12.16 21:19:13 INFO  compiling lb1 (1 scala source)
2024.12.16 21:19:13 INFO  time: compiled lb1 in 0.18s
2024.12.16 21:19:13 INFO  compiling lb1 (1 scala source)
2024.12.16 21:19:13 INFO  time: compiled lb1 in 0.2s
2024.12.16 21:20:06 INFO  compiling lb1 (1 scala source)
2024.12.16 21:20:06 INFO  time: compiled lb1 in 0.26s
2024.12.16 21:20:10 INFO  compiling lb1 (1 scala source)
2024.12.16 21:20:10 INFO  time: compiled lb1 in 0.15s
2024.12.16 21:20:12 INFO  compiling lb1 (1 scala source)
2024.12.16 21:20:12 INFO  time: compiled lb1 in 0.24s
2024.12.16 21:20:15 INFO  compiling lb1 (1 scala source)
2024.12.16 21:20:15 INFO  time: compiled lb1 in 0.18s
2024.12.16 21:20:17 INFO  compiling lb1 (1 scala source)
2024.12.16 21:20:17 INFO  time: compiled lb1 in 0.17s
Dec 16, 2024 9:20:29 PM org.eclipse.lsp4j.jsonrpc.RemoteEndpoint handleCancellation
WARNING: Unmatched cancel notification for request id 7081
2024.12.16 21:20:35 INFO  compiling lb1 (1 scala source)
2024.12.16 21:20:35 INFO  time: compiled lb1 in 0.17s
2024.12.16 21:20:35 INFO  compiling lb1 (1 scala source)
2024.12.16 21:20:35 INFO  time: compiled lb1 in 0.15s
2024.12.16 21:20:40 INFO  compiling lb1 (1 scala source)
2024.12.16 21:20:40 INFO  time: compiled lb1 in 0.14s
2024.12.16 21:20:42 INFO  compiling lb1 (1 scala source)
2024.12.16 21:20:42 INFO  time: compiled lb1 in 0.13s
2024.12.16 21:20:45 INFO  compiling lb1 (1 scala source)
2024.12.16 21:20:45 INFO  time: compiled lb1 in 0.15s
2024.12.16 21:20:55 INFO  compiling lb1 (1 scala source)
2024.12.16 21:20:55 INFO  time: compiled lb1 in 0.13s
Dec 16, 2024 9:21:09 PM org.eclipse.lsp4j.jsonrpc.RemoteEndpoint handleCancellation
WARNING: Unmatched cancel notification for request id 7298
2024.12.16 21:21:12 INFO  compiling lb1 (1 scala source)
2024.12.16 21:21:12 INFO  time: compiled lb1 in 0.14s
2024.12.16 21:23:48 INFO  compiling lb1 (1 scala source)
2024.12.16 21:23:48 INFO  time: compiled lb1 in 98ms
2024.12.16 21:24:03 INFO  time: compiled lb1 in 3ms
2024.12.16 21:24:08 INFO  compiling lb1 (1 scala source)
2024.12.16 21:24:08 INFO  time: compiled lb1 in 0.19s
2024.12.16 21:26:42 INFO  compiling lb1 (1 scala source)
2024.12.16 21:26:42 INFO  time: compiled lb1 in 0.2s
2024.12.16 21:26:49 INFO  compiling lb1 (1 scala source)
2024.12.16 21:26:49 INFO  time: compiled lb1 in 69ms
2024.12.16 21:26:55 INFO  compiling lb1 (1 scala source)
2024.12.16 21:26:55 INFO  time: compiled lb1 in 70ms
2024.12.16 21:26:58 INFO  compiling lb1 (1 scala source)
2024.12.16 21:26:58 INFO  time: compiled lb1 in 66ms
2024.12.16 21:27:00 INFO  compiling lb1 (1 scala source)
2024.12.16 21:27:00 INFO  time: compiled lb1 in 79ms
2024.12.16 21:27:11 INFO  compiling lb1 (1 scala source)
2024.12.16 21:27:11 INFO  time: compiled lb1 in 0.17s
2024.12.16 21:34:57 INFO  compiling lb1 (1 scala source)
2024.12.16 21:34:57 INFO  time: compiled lb1 in 0.12s
2024.12.16 21:34:57 INFO  compiling lb1 (1 scala source)
2024.12.16 21:34:57 INFO  time: compiled lb1 in 0.1s
2024.12.16 21:34:58 INFO  compiling lb1 (1 scala source)
2024.12.16 21:34:58 INFO  time: compiled lb1 in 89ms
2024.12.16 21:37:04 INFO  compiling lb1 (1 scala source)
2024.12.16 21:37:04 INFO  time: compiled lb1 in 0.12s
2024.12.16 21:37:04 INFO  compiling lb1 (1 scala source)
2024.12.16 21:37:04 INFO  time: compiled lb1 in 0.1s
2024.12.16 21:37:07 INFO  compiling lb1 (1 scala source)
2024.12.16 21:37:07 INFO  time: compiled lb1 in 0.12s
2024.12.16 21:37:10 INFO  compiling lb1 (1 scala source)
2024.12.16 21:37:10 INFO  time: compiled lb1 in 87ms
2024.12.16 21:37:10 INFO  compiling lb1 (1 scala source)
2024.12.16 21:37:10 INFO  time: compiled lb1 in 64ms
2024.12.16 21:37:21 INFO  compiling lb1 (1 scala source)
2024.12.16 21:37:21 INFO  time: compiled lb1 in 74ms
2024.12.16 21:37:37 INFO  compiling lb1 (1 scala source)
2024.12.16 21:37:37 INFO  time: compiled lb1 in 89ms
2024.12.16 21:37:37 INFO  compiling lb1 (1 scala source)
2024.12.16 21:37:37 INFO  time: compiled lb1 in 60ms
2024.12.16 21:37:39 INFO  compiling lb1 (1 scala source)
2024.12.16 21:37:39 INFO  time: compiled lb1 in 68ms
2024.12.16 21:37:45 INFO  compiling lb1 (1 scala source)
2024.12.16 21:37:45 INFO  time: compiled lb1 in 67ms
2024.12.16 21:37:50 INFO  compiling lb1 (1 scala source)
2024.12.16 21:37:50 INFO  time: compiled lb1 in 94ms
2024.12.16 21:37:50 INFO  compiling lb1 (1 scala source)
2024.12.16 21:37:50 INFO  time: compiled lb1 in 74ms
2024.12.16 21:37:52 INFO  compiling lb1 (1 scala source)
2024.12.16 21:37:52 INFO  time: compiled lb1 in 0.24s
2024.12.16 21:37:52 INFO  compiling lb1 (1 scala source)
2024.12.16 21:37:53 INFO  time: compiled lb1 in 0.27s
2024.12.16 21:37:58 INFO  compiling lb1 (1 scala source)
2024.12.16 21:37:58 INFO  time: compiled lb1 in 0.16s
2024.12.16 21:38:20 INFO  compiling lb1 (1 scala source)
2024.12.16 21:38:20 INFO  time: compiled lb1 in 0.18s
2024.12.16 21:42:33 INFO  compiling lb1 (1 scala source)
2024.12.16 21:42:33 INFO  time: compiled lb1 in 0.12s
2024.12.16 21:42:41 INFO  compiling lb1 (1 scala source)
2024.12.16 21:42:41 INFO  time: compiled lb1 in 0.2s
2024.12.16 21:51:39 INFO  compiling lb1 (1 scala source)
2024.12.16 21:51:39 INFO  time: compiled lb1 in 0.27s
2024.12.16 21:51:53 INFO  compiling lb1 (1 scala source)
2024.12.16 21:51:53 INFO  time: compiled lb1 in 0.2s
2024.12.16 21:52:00 INFO  compiling lb1 (1 scala source)
2024.12.16 21:52:00 INFO  time: compiled lb1 in 0.18s
2024.12.16 21:53:07 INFO  compiling lb1 (1 scala source)
2024.12.16 21:53:07 INFO  time: compiled lb1 in 0.2s
2024.12.16 21:53:07 INFO  compiling lb1 (1 scala source)
2024.12.16 21:53:07 INFO  time: compiled lb1 in 0.23s
2024.12.16 21:53:21 INFO  compiling lb1 (1 scala source)
2024.12.16 21:53:21 INFO  time: compiled lb1 in 0.17s
2024.12.16 21:53:24 INFO  compiling lb1 (1 scala source)
2024.12.16 21:53:24 INFO  time: compiled lb1 in 0.2s
2024.12.16 21:53:28 INFO  compiling lb1 (1 scala source)
2024.12.16 21:53:28 INFO  time: compiled lb1 in 0.14s
2024.12.16 21:53:38 INFO  compiling lb1 (1 scala source)
2024.12.16 21:53:38 INFO  time: compiled lb1 in 0.16s
2024.12.16 21:53:39 INFO  compiling lb1 (1 scala source)
2024.12.16 21:53:39 INFO  time: compiled lb1 in 0.15s
2024.12.16 21:53:52 INFO  compiling lb1 (1 scala source)
2024.12.16 21:53:52 INFO  time: compiled lb1 in 0.13s
2024.12.16 21:53:58 INFO  compiling lb1 (1 scala source)
2024.12.16 21:53:58 INFO  time: compiled lb1 in 0.14s
2024.12.16 21:54:22 INFO  compiling lb1 (1 scala source)
2024.12.16 21:54:22 INFO  time: compiled lb1 in 0.67s
2024.12.16 21:54:24 INFO  compiling lb1 (1 scala source)
2024.12.16 21:54:24 INFO  time: compiled lb1 in 0.36s
2024.12.16 21:54:41 INFO  compiling lb1 (1 scala source)
2024.12.16 21:54:41 INFO  time: compiled lb1 in 0.17s
2024.12.16 21:54:42 INFO  compiling lb1 (1 scala source)
2024.12.16 21:54:42 INFO  time: compiled lb1 in 0.22s
Dec 16, 2024 9:54:59 PM org.eclipse.lsp4j.jsonrpc.RemoteEndpoint handleCancellation
WARNING: Unmatched cancel notification for request id 9980
2024.12.16 21:55:00 INFO  compiling lb1 (1 scala source)
2024.12.16 21:55:00 INFO  time: compiled lb1 in 0.18s
2024.12.16 21:55:07 INFO  compiling lb1 (1 scala source)
2024.12.16 21:55:07 INFO  time: compiled lb1 in 0.16s
2024.12.16 21:55:07 INFO  compiling lb1 (1 scala source)
2024.12.16 21:55:07 INFO  time: compiled lb1 in 0.16s
2024.12.16 21:55:16 INFO  compiling lb1 (1 scala source)
2024.12.16 21:55:16 INFO  time: compiled lb1 in 0.16s
2024.12.16 21:55:16 INFO  compiling lb1 (1 scala source)
2024.12.16 21:55:16 INFO  time: compiled lb1 in 0.17s
Dec 16, 2024 9:55:21 PM org.eclipse.lsp4j.jsonrpc.RemoteEndpoint handleCancellation
WARNING: Unmatched cancel notification for request id 10127
Dec 16, 2024 9:55:21 PM org.eclipse.lsp4j.jsonrpc.RemoteEndpoint handleCancellation
WARNING: Unmatched cancel notification for request id 10132
Dec 16, 2024 9:55:21 PM org.eclipse.lsp4j.jsonrpc.RemoteEndpoint handleCancellation
WARNING: Unmatched cancel notification for request id 10134
2024.12.16 21:55:23 INFO  compiling lb1 (1 scala source)
2024.12.16 21:55:23 INFO  time: compiled lb1 in 0.17s
2024.12.16 21:55:36 INFO  compiling lb1 (1 scala source)
2024.12.16 21:55:36 INFO  time: compiled lb1 in 0.14s
2024.12.16 21:55:47 INFO  compiling lb1 (1 scala source)
2024.12.16 21:55:47 INFO  time: compiled lb1 in 0.18s
2024.12.16 21:55:52 INFO  compiling lb1 (1 scala source)
2024.12.16 21:55:52 INFO  time: compiled lb1 in 0.15s
2024.12.16 21:55:53 INFO  compiling lb1 (1 scala source)
2024.12.16 21:55:53 INFO  time: compiled lb1 in 0.26s
2024.12.16 21:55:59 INFO  compiling lb1 (1 scala source)
2024.12.16 21:55:59 INFO  time: compiled lb1 in 0.16s
2024.12.16 21:56:01 INFO  compiling lb1 (1 scala source)
2024.12.16 21:56:01 INFO  time: compiled lb1 in 0.15s
2024.12.16 21:56:07 INFO  compiling lb1 (1 scala source)
2024.12.16 21:56:07 INFO  time: compiled lb1 in 0.14s
2024.12.16 21:56:09 INFO  compiling lb1 (1 scala source)
2024.12.16 21:56:09 INFO  time: compiled lb1 in 58ms
2024.12.16 21:56:14 INFO  compiling lb1 (1 scala source)
2024.12.16 21:56:14 INFO  time: compiled lb1 in 0.16s
2024.12.16 21:56:16 INFO  compiling lb1 (1 scala source)
2024.12.16 21:56:16 INFO  time: compiled lb1 in 0.16s
2024.12.16 21:56:23 INFO  compiling lb1 (1 scala source)
2024.12.16 21:56:23 INFO  time: compiled lb1 in 0.16s
2024.12.16 21:56:23 INFO  compiling lb1 (1 scala source)
2024.12.16 21:56:23 INFO  time: compiled lb1 in 0.15s
2024.12.16 21:56:27 INFO  compiling lb1 (1 scala source)
2024.12.16 21:56:27 INFO  time: compiled lb1 in 84ms
2024.12.16 21:56:36 INFO  compiling lb1 (1 scala source)
2024.12.16 21:56:36 INFO  time: compiled lb1 in 70ms
2024.12.16 21:56:36 INFO  compiling lb1 (1 scala source)
2024.12.16 21:56:36 INFO  time: compiled lb1 in 60ms
2024.12.16 21:56:39 INFO  compiling lb1 (1 scala source)
2024.12.16 21:56:39 INFO  time: compiled lb1 in 56ms
2024.12.16 21:56:46 INFO  compiling lb1 (1 scala source)
2024.12.16 21:56:46 INFO  time: compiled lb1 in 0.23s
2024.12.16 21:56:49 INFO  compiling lb1 (1 scala source)
2024.12.16 21:56:49 INFO  time: compiled lb1 in 0.15s
2024.12.16 21:56:54 INFO  compiling lb1 (1 scala source)
2024.12.16 21:56:54 INFO  time: compiled lb1 in 0.17s
2024.12.16 21:56:54 INFO  compiling lb1 (1 scala source)
2024.12.16 21:56:54 INFO  time: compiled lb1 in 0.18s
2024.12.16 21:56:59 INFO  compiling lb1 (1 scala source)
2024.12.16 21:56:59 INFO  time: compiled lb1 in 71ms
2024.12.16 21:57:02 INFO  compiling lb1 (1 scala source)
2024.12.16 21:57:02 INFO  time: compiled lb1 in 0.17s
2024.12.16 21:57:02 INFO  compiling lb1 (1 scala source)
2024.12.16 21:57:02 INFO  time: compiled lb1 in 0.15s
2024.12.16 21:57:08 INFO  compiling lb1 (1 scala source)
2024.12.16 21:57:08 INFO  time: compiled lb1 in 0.15s
2024.12.16 21:57:08 INFO  compiling lb1 (1 scala source)
2024.12.16 21:57:09 INFO  time: compiled lb1 in 0.14s
2024.12.16 21:57:30 INFO  compiling lb1 (1 scala source)
2024.12.16 21:57:30 INFO  time: compiled lb1 in 58ms
2024.12.16 21:57:37 INFO  compiling lb1 (1 scala source)
2024.12.16 21:57:37 INFO  time: compiled lb1 in 65ms
2024.12.16 21:57:37 INFO  compiling lb1 (1 scala source)
2024.12.16 21:57:37 INFO  time: compiled lb1 in 51ms
2024.12.16 21:57:47 INFO  compiling lb1 (1 scala source)
2024.12.16 21:57:47 INFO  time: compiled lb1 in 0.17s
2024.12.16 21:58:08 INFO  compiling lb1 (1 scala source)
2024.12.16 21:58:08 INFO  time: compiled lb1 in 0.17s
2024.12.16 21:58:25 INFO  compiling lb1 (1 scala source)
2024.12.16 21:58:25 INFO  time: compiled lb1 in 0.19s
2024.12.16 21:58:38 INFO  compiling lb1 (1 scala source)
2024.12.16 21:58:38 INFO  time: compiled lb1 in 0.14s
2024.12.16 21:58:46 INFO  compiling lb1 (1 scala source)
2024.12.16 21:58:46 INFO  time: compiled lb1 in 0.14s
2024.12.16 21:58:50 INFO  compiling lb1 (1 scala source)
2024.12.16 21:58:50 INFO  time: compiled lb1 in 0.17s
2024.12.16 21:58:54 INFO  compiling lb1 (1 scala source)
2024.12.16 21:58:54 INFO  time: compiled lb1 in 0.14s
2024.12.16 23:46:33 INFO  Shutting down server
2024.12.16 23:46:33 INFO  shutting down Metals
2024.12.16 23:46:33 INFO  Shut down connection with build server.
2024.12.16 23:46:33 INFO  Shut down connection with build server.
2024.12.16 23:46:33 INFO  Exiting server
